<?xml version="1.0" encoding="UTF-8"?>
<!-- Generated by org.testng.reporters.JUnitReportReporter -->
<testsuite skipped="0" hostname="Agalys-MacBook-Pro.local" name="basics5" tests="1" failures="0" timestamp="06 Apr 2019 14:59:36 GMT" time="2.806" errors="0">
  <testcase name="addBook" time="2.806" classname="basics5"/>
</testsuite> <!-- basics5 -->
