<?xml version="1.0" encoding="UTF-8"?>
<!-- Generated by org.testng.reporters.JUnitReportReporter -->
<testsuite skipped="0" hostname="Agalys-MacBook-Pro.local" name="DynamicJson" tests="6" failures="0" timestamp="06 Apr 2019 21:57:22 GMT" time="5.627" errors="0">
  <testcase name="DeleteBook" time="0.609" classname="DynamicJson"/>
  <testcase name="AddBook" time="0.593" classname="DynamicJson"/>
  <testcase name="DeleteBook" time="0.633" classname="DynamicJson"/>
  <testcase name="DeleteBook" time="0.713" classname="DynamicJson"/>
  <testcase name="AddBook" time="2.447" classname="DynamicJson"/>
  <testcase name="AddBook" time="0.632" classname="DynamicJson"/>
</testsuite> <!-- DynamicJson -->
