<?xml version="1.0" encoding="UTF-8"?>
<!-- Generated by org.testng.reporters.JUnitReportReporter -->
<testsuite skipped="0" hostname="Agalys-MacBook-Pro.local" name="basics3" tests="1" failures="0" timestamp="23 Apr 2019 03:17:59 GMT" time="2.881" errors="0">
  <testcase name="AddandDeletePlace" time="2.881" classname="basics3"/>
</testsuite> <!-- basics3 -->
