<?xml version="1.0" encoding="UTF-8"?>
<!-- Generated by org.testng.reporters.JUnitReportReporter -->
<testsuite skipped="0" hostname="Agalys-MacBook-Pro.local" name="basics2" tests="1" failures="0" timestamp="05 Apr 2019 23:11:42 GMT" time="3.082" errors="0">
  <testcase name="postData" time="3.082" classname="basics2"/>
</testsuite> <!-- basics2 -->
